** Daemonized, any open files are closed.  Look at /var/www/dev/cmlee/IoM/tmp/pids/mongrel.pid and log/mongrel.log for info.
** Starting Mongrel listening at 0.0.0.0:3000
** Starting Rails with development environment...
** Rails loaded.
** Loading any Rails specific GemPlugins
** Signals ready.  TERM => stop.  USR2 => restart.  INT => stop (no restart).
** Rails signals registered.  HUP => reload (without restart).  It might not work well.
** Mongrel 1.1.5 available at 0.0.0.0:3000
** Writing PID file to /var/www/dev/cmlee/IoM/tmp/pids/mongrel.pid
** TERM signal received.
** Daemonized, any open files are closed.  Look at /var/www/dev/cmlee/IoM/tmp/pids/mongrel.pid and log/mongrel.log for info.
** Starting Mongrel listening at 0.0.0.0:3000
** Starting Rails with development environment...
** Rails loaded.
** Loading any Rails specific GemPlugins
** Signals ready.  TERM => stop.  USR2 => restart.  INT => stop (no restart).
** Rails signals registered.  HUP => reload (without restart).  It might not work well.
** Mongrel 1.1.5 available at 0.0.0.0:3000
** Writing PID file to /var/www/dev/cmlee/IoM/tmp/pids/mongrel.pid
** TERM signal received.
** Daemonized, any open files are closed.  Look at /var/www/dev/cmlee/IoM/tmp/pids/mongrel.pid and log/mongrel.log for info.
** Starting Mongrel listening at 0.0.0.0:3000
** Starting Rails with development environment...
** Rails loaded.
** Loading any Rails specific GemPlugins
** Signals ready.  TERM => stop.  USR2 => restart.  INT => stop (no restart).
** Rails signals registered.  HUP => reload (without restart).  It might not work well.
** Mongrel 1.1.5 available at 0.0.0.0:3000
** Writing PID file to /var/www/dev/cmlee/IoM/tmp/pids/mongrel.pid
** TERM signal received.
** Daemonized, any open files are closed.  Look at /var/www/dev/cmlee/IoM/tmp/pids/mongrel.pid and log/mongrel.log for info.
** Starting Mongrel listening at 0.0.0.0:3000
** Starting Rails with development environment...
** Rails loaded.
** Loading any Rails specific GemPlugins
** Signals ready.  TERM => stop.  USR2 => restart.  INT => stop (no restart).
** Rails signals registered.  HUP => reload (without restart).  It might not work well.
** Mongrel 1.1.5 available at 0.0.0.0:3000
** Writing PID file to /var/www/dev/cmlee/IoM/tmp/pids/mongrel.pid
** TERM signal received.
** Daemonized, any open files are closed.  Look at /var/www/dev/cmlee/IoM/tmp/pids/mongrel.pid and log/mongrel.log for info.
** Starting Mongrel listening at 0.0.0.0:3000
** Starting Rails with development environment...
** Rails loaded.
** Loading any Rails specific GemPlugins
** Signals ready.  TERM => stop.  USR2 => restart.  INT => stop (no restart).
** Rails signals registered.  HUP => reload (without restart).  It might not work well.
** Mongrel 1.1.5 available at 0.0.0.0:3000
** Writing PID file to /var/www/dev/cmlee/IoM/tmp/pids/mongrel.pid
** TERM signal received.
** Daemonized, any open files are closed.  Look at /var/www/dev/cmlee/IoM/tmp/pids/mongrel.pid and log/mongrel.log for info.
** Starting Mongrel listening at 0.0.0.0:3000
** Starting Rails with development environment...
** Rails loaded.
** Loading any Rails specific GemPlugins
** Signals ready.  TERM => stop.  USR2 => restart.  INT => stop (no restart).
** Rails signals registered.  HUP => reload (without restart).  It might not work well.
** Mongrel 1.1.5 available at 0.0.0.0:3000
** Writing PID file to /var/www/dev/cmlee/IoM/tmp/pids/mongrel.pid
** TERM signal received.
** Daemonized, any open files are closed.  Look at /var/www/dev/cmlee/IoM/tmp/pids/mongrel.pid and log/mongrel.log for info.
** Starting Mongrel listening at 0.0.0.0:3000
** Starting Rails with development environment...
** Rails loaded.
** Loading any Rails specific GemPlugins
** Signals ready.  TERM => stop.  USR2 => restart.  INT => stop (no restart).
** Rails signals registered.  HUP => reload (without restart).  It might not work well.
** Mongrel 1.1.5 available at 0.0.0.0:3000
** Writing PID file to /var/www/dev/cmlee/IoM/tmp/pids/mongrel.pid
** TERM signal received.
** Daemonized, any open files are closed.  Look at /var/www/dev/cmlee/IoM/tmp/pids/mongrel.pid and log/mongrel.log for info.
** Starting Mongrel listening at 0.0.0.0:3000
** Starting Rails with development environment...
** Rails loaded.
** Loading any Rails specific GemPlugins
** Signals ready.  TERM => stop.  USR2 => restart.  INT => stop (no restart).
** Rails signals registered.  HUP => reload (without restart).  It might not work well.
** Mongrel 1.1.5 available at 0.0.0.0:3000
** Writing PID file to /var/www/dev/cmlee/IoM/tmp/pids/mongrel.pid
** TERM signal received.
** Daemonized, any open files are closed.  Look at /var/www/dev/cmlee/IoM/tmp/pids/mongrel.pid and log/mongrel.log for info.
** Starting Mongrel listening at 0.0.0.0:3000
** Starting Rails with development environment...
** Rails loaded.
** Loading any Rails specific GemPlugins
** Signals ready.  TERM => stop.  USR2 => restart.  INT => stop (no restart).
** Rails signals registered.  HUP => reload (without restart).  It might not work well.
** Mongrel 1.1.5 available at 0.0.0.0:3000
** Writing PID file to /var/www/dev/cmlee/IoM/tmp/pids/mongrel.pid
** TERM signal received.
** Daemonized, any open files are closed.  Look at /var/www/dev/cmlee/IoM/tmp/pids/mongrel.pid and log/mongrel.log for info.
** Starting Mongrel listening at 0.0.0.0:3000
** Starting Rails with development environment...
** Rails loaded.
** Loading any Rails specific GemPlugins
** Signals ready.  TERM => stop.  USR2 => restart.  INT => stop (no restart).
** Rails signals registered.  HUP => reload (without restart).  It might not work well.
** Mongrel 1.1.5 available at 0.0.0.0:3000
** Writing PID file to /var/www/dev/cmlee/IoM/tmp/pids/mongrel.pid
** TERM signal received.
** Daemonized, any open files are closed.  Look at /var/www/dev/cmlee/IoM/tmp/pids/mongrel.pid and log/mongrel.log for info.
** Starting Mongrel listening at 0.0.0.0:3000
** Starting Rails with development environment...
** Rails loaded.
** Loading any Rails specific GemPlugins
** Signals ready.  TERM => stop.  USR2 => restart.  INT => stop (no restart).
** Rails signals registered.  HUP => reload (without restart).  It might not work well.
** Mongrel 1.1.5 available at 0.0.0.0:3000
** Writing PID file to /var/www/dev/cmlee/IoM/tmp/pids/mongrel.pid
** TERM signal received.
** Daemonized, any open files are closed.  Look at /var/www/dev/cmlee/IoM/tmp/pids/mongrel.pid and log/mongrel.log for info.
** Starting Mongrel listening at 0.0.0.0:3000
** Starting Rails with development environment...
** Rails loaded.
** Loading any Rails specific GemPlugins
** Signals ready.  TERM => stop.  USR2 => restart.  INT => stop (no restart).
** Rails signals registered.  HUP => reload (without restart).  It might not work well.
** Mongrel 1.1.5 available at 0.0.0.0:3000
** Writing PID file to /var/www/dev/cmlee/IoM/tmp/pids/mongrel.pid
** TERM signal received.
** Daemonized, any open files are closed.  Look at /var/www/dev/cmlee/IoM/tmp/pids/mongrel.pid and log/mongrel.log for info.
** Starting Mongrel listening at 0.0.0.0:3000
** Starting Rails with development environment...
/var/www/dev/cmlee/IoM/vendor/rails/actionpack/lib/action_controller/routing/builder.rb:104:in `assign_route_options': Regexp anchor characters are not allowed in routing requirements: /^(\D)*$/ (ArgumentError)
	from /var/www/dev/cmlee/IoM/vendor/rails/actionpack/lib/action_controller/routing/builder.rb:99:in `each'
	from /var/www/dev/cmlee/IoM/vendor/rails/actionpack/lib/action_controller/routing/builder.rb:99:in `assign_route_options'
	from /var/www/dev/cmlee/IoM/vendor/rails/actionpack/lib/action_controller/routing/builder.rb:176:in `build'
	from /var/www/dev/cmlee/IoM/vendor/rails/actionpack/lib/action_controller/routing/route_set.rb:261:in `add_route'
	from /var/www/dev/cmlee/IoM/vendor/rails/actionpack/lib/action_controller/routing/route_set.rb:17:in `connect'
	from /var/www/dev/cmlee/IoM/config/routes.rb:24
	from /var/www/dev/cmlee/IoM/vendor/rails/actionpack/lib/action_controller/routing/route_set.rb:207:in `draw'
	from /var/www/dev/cmlee/IoM/config/routes.rb:1
	from /var/www/dev/cmlee/IoM/vendor/rails/activerecord/lib/../../activesupport/lib/active_support/dependencies.rb:502:in `load'
	from /var/www/dev/cmlee/IoM/vendor/rails/activerecord/lib/../../activesupport/lib/active_support/dependencies.rb:502:in `load'
	from /var/www/dev/cmlee/IoM/vendor/rails/activerecord/lib/../../activesupport/lib/active_support/dependencies.rb:354:in `new_constants_in'
	from /var/www/dev/cmlee/IoM/vendor/rails/activerecord/lib/../../activesupport/lib/active_support/dependencies.rb:502:in `load'
	from /var/www/dev/cmlee/IoM/vendor/rails/actionpack/lib/action_controller/routing/route_set.rb:253:in `load_routes!'
	from /var/www/dev/cmlee/IoM/vendor/rails/actionpack/lib/action_controller/routing/route_set.rb:233:in `load!'
	from /var/www/dev/cmlee/IoM/vendor/rails/actionpack/lib/action_controller/routing/route_set.rb:248:in `reload'
	from /var/www/dev/cmlee/IoM/config/../vendor/rails/railties/lib/initializer.rb:409:in `initialize_routing'
	from /var/www/dev/cmlee/IoM/config/../vendor/rails/railties/lib/initializer.rb:154:in `process'
	from /var/www/dev/cmlee/IoM/config/../vendor/rails/railties/lib/initializer.rb:93:in `send'
	from /var/www/dev/cmlee/IoM/config/../vendor/rails/railties/lib/initializer.rb:93:in `run'
	from /var/www/dev/cmlee/IoM/config/environment.rb:13
	from /usr/lib/ruby/1.8/rubygems/custom_require.rb:27:in `gem_original_require'
	from /usr/lib/ruby/1.8/rubygems/custom_require.rb:27:in `require'
	from /usr/lib/ruby/1.8/mongrel/rails.rb:147:in `rails'
	from /usr/bin/mongrel_rails:114:in `cloaker_'
	from /usr/lib/ruby/1.8/mongrel/configurator.rb:149:in `call'
	from /usr/lib/ruby/1.8/mongrel/configurator.rb:149:in `listener'
	from /usr/bin/mongrel_rails:100:in `cloaker_'
	from /usr/lib/ruby/1.8/mongrel/configurator.rb:50:in `call'
	from /usr/lib/ruby/1.8/mongrel/configurator.rb:50:in `initialize'
	from /usr/bin/mongrel_rails:85:in `new'
	from /usr/bin/mongrel_rails:85:in `run'
	from /usr/lib/ruby/1.8/mongrel/command.rb:212:in `run'
	from /usr/bin/mongrel_rails:282
** Daemonized, any open files are closed.  Look at /var/www/dev/cmlee/IoM/tmp/pids/mongrel.pid and log/mongrel.log for info.
** Starting Mongrel listening at 0.0.0.0:3000
** Starting Rails with development environment...
** Rails loaded.
** Loading any Rails specific GemPlugins
** Signals ready.  TERM => stop.  USR2 => restart.  INT => stop (no restart).
** Rails signals registered.  HUP => reload (without restart).  It might not work well.
** Mongrel 1.1.5 available at 0.0.0.0:3000
** Writing PID file to /var/www/dev/cmlee/IoM/tmp/pids/mongrel.pid
** TERM signal received.
** Daemonized, any open files are closed.  Look at /var/www/dev/cmlee/IoM/tmp/pids/mongrel.pid and log/mongrel.log for info.
** Starting Mongrel listening at 0.0.0.0:3000
** Starting Rails with development environment...
** Rails loaded.
** Loading any Rails specific GemPlugins
** Signals ready.  TERM => stop.  USR2 => restart.  INT => stop (no restart).
** Rails signals registered.  HUP => reload (without restart).  It might not work well.
** Mongrel 1.1.5 available at 0.0.0.0:3000
** Writing PID file to /var/www/dev/cmlee/IoM/tmp/pids/mongrel.pid
** TERM signal received.
** Daemonized, any open files are closed.  Look at /var/www/dev/cmlee/IoM/tmp/pids/mongrel.pid and log/mongrel.log for info.
** Starting Mongrel listening at 0.0.0.0:3000
** Starting Rails with development environment...
** Rails loaded.
** Loading any Rails specific GemPlugins
** Signals ready.  TERM => stop.  USR2 => restart.  INT => stop (no restart).
** Rails signals registered.  HUP => reload (without restart).  It might not work well.
** Mongrel 1.1.5 available at 0.0.0.0:3000
** Writing PID file to /var/www/dev/cmlee/IoM/tmp/pids/mongrel.pid
** TERM signal received.
** Daemonized, any open files are closed.  Look at /var/www/dev/cmlee/IoM/tmp/pids/mongrel.pid and log/mongrel.log for info.
** Starting Mongrel listening at 0.0.0.0:3000
** Starting Rails with development environment...
/var/www/dev/cmlee/IoM/config/environment.rb:13: uninitialized constant ActionMailer (NameError)
	from /usr/lib/ruby/1.8/rubygems/custom_require.rb:27:in `gem_original_require'
	from /usr/lib/ruby/1.8/rubygems/custom_require.rb:27:in `require'
	from /usr/lib/ruby/1.8/mongrel/rails.rb:147:in `rails'
	from /usr/bin/mongrel_rails:114:in `cloaker_'
	from /usr/lib/ruby/1.8/mongrel/configurator.rb:149:in `call'
	from /usr/lib/ruby/1.8/mongrel/configurator.rb:149:in `listener'
	from /usr/bin/mongrel_rails:100:in `cloaker_'
	from /usr/lib/ruby/1.8/mongrel/configurator.rb:50:in `call'
	from /usr/lib/ruby/1.8/mongrel/configurator.rb:50:in `initialize'
	from /usr/bin/mongrel_rails:85:in `new'
	from /usr/bin/mongrel_rails:85:in `run'
	from /usr/lib/ruby/1.8/mongrel/command.rb:212:in `run'
	from /usr/bin/mongrel_rails:282
** Daemonized, any open files are closed.  Look at /var/www/dev/cmlee/IoM/tmp/pids/mongrel.pid and log/mongrel.log for info.
** Starting Mongrel listening at 0.0.0.0:3000
** Starting Rails with development environment...
** Rails loaded.
** Loading any Rails specific GemPlugins
** Signals ready.  TERM => stop.  USR2 => restart.  INT => stop (no restart).
** Rails signals registered.  HUP => reload (without restart).  It might not work well.
** Mongrel 1.1.5 available at 0.0.0.0:3000
** Writing PID file to /var/www/dev/cmlee/IoM/tmp/pids/mongrel.pid
** TERM signal received.
** Daemonized, any open files are closed.  Look at /var/www/dev/cmlee/IoM/tmp/pids/mongrel.pid and log/mongrel.log for info.
** Starting Mongrel listening at 0.0.0.0:3000
** Starting Rails with development environment...
** Rails loaded.
** Loading any Rails specific GemPlugins
** Signals ready.  TERM => stop.  USR2 => restart.  INT => stop (no restart).
** Rails signals registered.  HUP => reload (without restart).  It might not work well.
** Mongrel 1.1.5 available at 0.0.0.0:3000
** Writing PID file to /var/www/dev/cmlee/IoM/tmp/pids/mongrel.pid
** TERM signal received.
** Daemonized, any open files are closed.  Look at /var/www/dev/cmlee/IoM/tmp/pids/mongrel.pid and log/mongrel.log for info.
** Starting Mongrel listening at 0.0.0.0:3000
** Starting Rails with development environment...
** Rails loaded.
** Loading any Rails specific GemPlugins
** Signals ready.  TERM => stop.  USR2 => restart.  INT => stop (no restart).
** Rails signals registered.  HUP => reload (without restart).  It might not work well.
** Mongrel 1.1.5 available at 0.0.0.0:3000
** Writing PID file to /var/www/dev/cmlee/IoM/tmp/pids/mongrel.pid
